<?xml version="1.0" encoding="UTF-8"?>
<testsuite xmlns:xsi="http://www.w3.org/2001/XMLSchema-instance" xsi:noNamespaceSchemaLocation="https://maven.apache.org/surefire/maven-surefire-plugin/xsd/surefire-test-report.xsd" name="org.apache.nifi.processors.msgpack.MsgpackUnpackTest" time="0.237" tests="1" errors="0" skipped="0" failures="0">
  <properties>
    <property name="sun.desktop" value="gnome"/>
    <property name="awt.toolkit" value="sun.awt.X11.XToolkit"/>
    <property name="file.encoding.pkg" value="sun.io"/>
    <property name="java.specification.version" value="1.8"/>
    <property name="sun.cpu.isalist" value=""/>
    <property name="sun.jnu.encoding" value="UTF-8"/>
    <property name="java.class.path" value="/home/alejo/Escritorio/Projects/Nifi/nifi-msgpack-bundle/nifi-msgpack-processors/target/test-classes:/home/alejo/Escritorio/Projects/Nifi/nifi-msgpack-bundle/nifi-msgpack-processors/target/classes:/home/alejo/.m2/repository/org/apache/nifi/nifi-api/1.7.1/nifi-api-1.7.1.jar:/home/alejo/.m2/repository/org/apache/nifi/nifi-utils/1.7.1/nifi-utils-1.7.1.jar:/home/alejo/.m2/repository/org/apache/nifi/nifi-mock/1.7.1/nifi-mock-1.7.1.jar:/home/alejo/.m2/repository/org/apache/nifi/nifi-framework-api/1.7.1/nifi-framework-api-1.7.1.jar:/home/alejo/.m2/repository/org/apache/nifi/nifi-expression-language/1.7.1/nifi-expression-language-1.7.1.jar:/home/alejo/.m2/repository/org/antlr/antlr-runtime/3.5.2/antlr-runtime-3.5.2.jar:/home/alejo/.m2/repository/com/jayway/jsonpath/json-path/2.4.0/json-path-2.4.0.jar:/home/alejo/.m2/repository/net/minidev/json-smart/2.3/json-smart-2.3.jar:/home/alejo/.m2/repository/net/minidev/accessors-smart/1.2/accessors-smart-1.2.jar:/home/alejo/.m2/repository/org/ow2/asm/asm/5.0.4/asm-5.0.4.jar:/home/alejo/.m2/repository/org/apache/commons/commons-lang3/3.7/commons-lang3-3.7.jar:/home/alejo/.m2/repository/org/apache/nifi/nifi-data-provenance-utils/1.7.1/nifi-data-provenance-utils-1.7.1.jar:/home/alejo/.m2/repository/org/apache/nifi/nifi-security-utils/1.7.1/nifi-security-utils-1.7.1.jar:/home/alejo/.m2/repository/commons-codec/commons-codec/1.11/commons-codec-1.11.jar:/home/alejo/.m2/repository/org/bouncycastle/bcpkix-jdk15on/1.59/bcpkix-jdk15on-1.59.jar:/home/alejo/.m2/repository/org/bouncycastle/bcprov-jdk15on/1.59/bcprov-jdk15on-1.59.jar:/home/alejo/.m2/repository/org/apache/nifi/nifi-properties-loader/1.7.1/nifi-properties-loader-1.7.1.jar:/home/alejo/.m2/repository/ch/qos/logback/logback-classic/1.2.3/logback-classic-1.2.3.jar:/home/alejo/.m2/repository/ch/qos/logback/logback-core/1.2.3/logback-core-1.2.3.jar:/home/alejo/.m2/repository/org/apache/nifi/nifi-properties/1.7.1/nifi-properties-1.7.1.jar:/home/alejo/.m2/repository/org/msgpack/msgpack-core/0.8.16/msgpack-core-0.8.16.jar:/home/alejo/.m2/repository/org/msgpack/jackson-dataformat-msgpack/0.8.7/jackson-dataformat-msgpack-0.8.7.jar:/home/alejo/.m2/repository/com/fasterxml/jackson/core/jackson-databind/2.7.1/jackson-databind-2.7.1.jar:/home/alejo/.m2/repository/com/fasterxml/jackson/core/jackson-annotations/2.7.0/jackson-annotations-2.7.0.jar:/home/alejo/.m2/repository/com/fasterxml/jackson/core/jackson-core/2.7.1/jackson-core-2.7.1.jar:/home/alejo/.m2/repository/com/google/code/gson/gson/2.8.0/gson-2.8.0.jar:/home/alejo/.m2/repository/commons-io/commons-io/2.4/commons-io-2.4.jar:/home/alejo/.m2/repository/org/slf4j/slf4j-simple/1.7.25/slf4j-simple-1.7.25.jar:/home/alejo/.m2/repository/org/slf4j/slf4j-api/1.7.25/slf4j-api-1.7.25.jar:/home/alejo/.m2/repository/junit/junit/4.12/junit-4.12.jar:/home/alejo/.m2/repository/org/hamcrest/hamcrest-core/1.3/hamcrest-core-1.3.jar:/home/alejo/.m2/repository/org/mockito/mockito-core/1.10.19/mockito-core-1.10.19.jar:/home/alejo/.m2/repository/org/objenesis/objenesis/2.1/objenesis-2.1.jar:/home/alejo/.m2/repository/org/codehaus/groovy/groovy-all/2.4.13/groovy-all-2.4.13.jar:"/>
    <property name="java.vm.vendor" value="Oracle Corporation"/>
    <property name="sun.arch.data.model" value="64"/>
    <property name="java.vendor.url" value="http://java.oracle.com/"/>
    <property name="user.timezone" value=""/>
    <property name="java.vm.specification.version" value="1.8"/>
    <property name="os.name" value="Linux"/>
    <property name="user.country" value="AR"/>
    <property name="sun.java.launcher" value="SUN_STANDARD"/>
    <property name="sun.boot.library.path" value="/usr/lib/jvm/java-8-openjdk/jre/lib/amd64"/>
    <property name="sun.java.command" value="/home/alejo/Escritorio/Projects/Nifi/nifi-msgpack-bundle/nifi-msgpack-processors/target/surefire/surefirebooter7252934759449175518.jar /home/alejo/Escritorio/Projects/Nifi/nifi-msgpack-bundle/nifi-msgpack-processors/target/surefire 2018-08-29T18-52-52_170-jvmRun1 surefire3915474395952672542tmp surefire_04942825874756297132tmp"/>
    <property name="surefire.test.class.path" value="/home/alejo/Escritorio/Projects/Nifi/nifi-msgpack-bundle/nifi-msgpack-processors/target/test-classes:/home/alejo/Escritorio/Projects/Nifi/nifi-msgpack-bundle/nifi-msgpack-processors/target/classes:/home/alejo/.m2/repository/org/apache/nifi/nifi-api/1.7.1/nifi-api-1.7.1.jar:/home/alejo/.m2/repository/org/apache/nifi/nifi-utils/1.7.1/nifi-utils-1.7.1.jar:/home/alejo/.m2/repository/org/apache/nifi/nifi-mock/1.7.1/nifi-mock-1.7.1.jar:/home/alejo/.m2/repository/org/apache/nifi/nifi-framework-api/1.7.1/nifi-framework-api-1.7.1.jar:/home/alejo/.m2/repository/org/apache/nifi/nifi-expression-language/1.7.1/nifi-expression-language-1.7.1.jar:/home/alejo/.m2/repository/org/antlr/antlr-runtime/3.5.2/antlr-runtime-3.5.2.jar:/home/alejo/.m2/repository/com/jayway/jsonpath/json-path/2.4.0/json-path-2.4.0.jar:/home/alejo/.m2/repository/net/minidev/json-smart/2.3/json-smart-2.3.jar:/home/alejo/.m2/repository/net/minidev/accessors-smart/1.2/accessors-smart-1.2.jar:/home/alejo/.m2/repository/org/ow2/asm/asm/5.0.4/asm-5.0.4.jar:/home/alejo/.m2/repository/org/apache/commons/commons-lang3/3.7/commons-lang3-3.7.jar:/home/alejo/.m2/repository/org/apache/nifi/nifi-data-provenance-utils/1.7.1/nifi-data-provenance-utils-1.7.1.jar:/home/alejo/.m2/repository/org/apache/nifi/nifi-security-utils/1.7.1/nifi-security-utils-1.7.1.jar:/home/alejo/.m2/repository/commons-codec/commons-codec/1.11/commons-codec-1.11.jar:/home/alejo/.m2/repository/org/bouncycastle/bcpkix-jdk15on/1.59/bcpkix-jdk15on-1.59.jar:/home/alejo/.m2/repository/org/bouncycastle/bcprov-jdk15on/1.59/bcprov-jdk15on-1.59.jar:/home/alejo/.m2/repository/org/apache/nifi/nifi-properties-loader/1.7.1/nifi-properties-loader-1.7.1.jar:/home/alejo/.m2/repository/ch/qos/logback/logback-classic/1.2.3/logback-classic-1.2.3.jar:/home/alejo/.m2/repository/ch/qos/logback/logback-core/1.2.3/logback-core-1.2.3.jar:/home/alejo/.m2/repository/org/apache/nifi/nifi-properties/1.7.1/nifi-properties-1.7.1.jar:/home/alejo/.m2/repository/org/msgpack/msgpack-core/0.8.16/msgpack-core-0.8.16.jar:/home/alejo/.m2/repository/org/msgpack/jackson-dataformat-msgpack/0.8.7/jackson-dataformat-msgpack-0.8.7.jar:/home/alejo/.m2/repository/com/fasterxml/jackson/core/jackson-databind/2.7.1/jackson-databind-2.7.1.jar:/home/alejo/.m2/repository/com/fasterxml/jackson/core/jackson-annotations/2.7.0/jackson-annotations-2.7.0.jar:/home/alejo/.m2/repository/com/fasterxml/jackson/core/jackson-core/2.7.1/jackson-core-2.7.1.jar:/home/alejo/.m2/repository/com/google/code/gson/gson/2.8.0/gson-2.8.0.jar:/home/alejo/.m2/repository/commons-io/commons-io/2.4/commons-io-2.4.jar:/home/alejo/.m2/repository/org/slf4j/slf4j-simple/1.7.25/slf4j-simple-1.7.25.jar:/home/alejo/.m2/repository/org/slf4j/slf4j-api/1.7.25/slf4j-api-1.7.25.jar:/home/alejo/.m2/repository/junit/junit/4.12/junit-4.12.jar:/home/alejo/.m2/repository/org/hamcrest/hamcrest-core/1.3/hamcrest-core-1.3.jar:/home/alejo/.m2/repository/org/mockito/mockito-core/1.10.19/mockito-core-1.10.19.jar:/home/alejo/.m2/repository/org/objenesis/objenesis/2.1/objenesis-2.1.jar:/home/alejo/.m2/repository/org/codehaus/groovy/groovy-all/2.4.13/groovy-all-2.4.13.jar:"/>
    <property name="sun.cpu.endian" value="little"/>
    <property name="user.home" value="/home/alejo"/>
    <property name="user.language" value="es"/>
    <property name="java.specification.vendor" value="Oracle Corporation"/>
    <property name="java.home" value="/usr/lib/jvm/java-8-openjdk/jre"/>
    <property name="basedir" value="/home/alejo/Escritorio/Projects/Nifi/nifi-msgpack-bundle/nifi-msgpack-processors"/>
    <property name="file.separator" value="/"/>
    <property name="line.separator" value="&#10;"/>
    <property name="java.vm.specification.vendor" value="Oracle Corporation"/>
    <property name="java.specification.name" value="Java Platform API Specification"/>
    <property name="java.awt.graphicsenv" value="sun.awt.X11GraphicsEnvironment"/>
    <property name="java.awt.headless" value="true"/>
    <property name="surefire.real.class.path" value="/home/alejo/Escritorio/Projects/Nifi/nifi-msgpack-bundle/nifi-msgpack-processors/target/surefire/surefirebooter7252934759449175518.jar"/>
    <property name="sun.boot.class.path" value="/usr/lib/jvm/java-8-openjdk/jre/lib/resources.jar:/usr/lib/jvm/java-8-openjdk/jre/lib/rt.jar:/usr/lib/jvm/java-8-openjdk/jre/lib/sunrsasign.jar:/usr/lib/jvm/java-8-openjdk/jre/lib/jsse.jar:/usr/lib/jvm/java-8-openjdk/jre/lib/jce.jar:/usr/lib/jvm/java-8-openjdk/jre/lib/charsets.jar:/usr/lib/jvm/java-8-openjdk/jre/lib/jfr.jar:/usr/lib/jvm/java-8-openjdk/jre/classes"/>
    <property name="sun.management.compiler" value="HotSpot 64-Bit Tiered Compilers"/>
    <property name="java.runtime.version" value="1.8.0_181-b13"/>
    <property name="java.net.preferIPv4Stack" value="true"/>
    <property name="user.name" value="alejo"/>
    <property name="path.separator" value=":"/>
    <property name="os.version" value="4.14.66-1-MANJARO"/>
    <property name="java.endorsed.dirs" value="/usr/lib/jvm/java-8-openjdk/jre/lib/endorsed"/>
    <property name="java.runtime.name" value="OpenJDK Runtime Environment"/>
    <property name="file.encoding" value="UTF-8"/>
    <property name="java.vm.name" value="OpenJDK 64-Bit Server VM"/>
    <property name="localRepository" value="/home/alejo/.m2/repository"/>
    <property name="java.vendor.url.bug" value="http://bugreport.sun.com/bugreport/"/>
    <property name="java.io.tmpdir" value="/tmp"/>
    <property name="java.version" value="1.8.0_181"/>
    <property name="user.dir" value="/home/alejo/Escritorio/Projects/Nifi/nifi-msgpack-bundle/nifi-msgpack-processors"/>
    <property name="os.arch" value="amd64"/>
    <property name="java.vm.specification.name" value="Java Virtual Machine Specification"/>
    <property name="java.awt.printerjob" value="sun.print.PSPrinterJob"/>
    <property name="sun.os.patch.level" value="unknown"/>
    <property name="java.library.path" value="/usr/java/packages/lib/amd64:/usr/lib64:/lib64:/lib:/usr/lib"/>
    <property name="java.vm.info" value="mixed mode"/>
    <property name="java.vendor" value="Oracle Corporation"/>
    <property name="java.vm.version" value="25.181-b13"/>
    <property name="java.ext.dirs" value="/usr/lib/jvm/java-8-openjdk/jre/lib/ext:/usr/java/packages/lib/ext"/>
    <property name="sun.io.unicode.encoding" value="UnicodeLittle"/>
    <property name="java.class.version" value="52.0"/>
  </properties>
  <testcase name="testProcessor" classname="org.apache.nifi.processors.msgpack.MsgpackUnpackTest" time="0.147"/>
</testsuite>